  Mystery Maze.cpp
C:\Users\Rhys\Documents\GitHub\Mystery-Maze\Mystery Maze\Mystery Maze.cpp(129,53): warning C4244: 'argument': conversion from 'int' to 'T', possible loss of data
          with
          [
              T=float
          ]
C:\Users\Rhys\Documents\GitHub\Mystery-Maze\Mystery Maze\Mystery Maze.cpp(129,42): warning C4244: 'argument': conversion from 'int' to 'T', possible loss of data
          with
          [
              T=float
          ]
C:\Users\Rhys\Documents\GitHub\Mystery-Maze\Mystery Maze\Mystery Maze.cpp(132,59): warning C4244: 'argument': conversion from 'int' to 'T', possible loss of data
          with
          [
              T=float
          ]
C:\Users\Rhys\Documents\GitHub\Mystery-Maze\Mystery Maze\Mystery Maze.cpp(132,48): warning C4244: 'argument': conversion from 'int' to 'T', possible loss of data
          with
          [
              T=float
          ]
C:\Users\Rhys\Documents\GitHub\Mystery-Maze\Mystery Maze\Mystery Maze.cpp(135,60): warning C4244: 'argument': conversion from 'int' to 'T', possible loss of data
          with
          [
              T=float
          ]
C:\Users\Rhys\Documents\GitHub\Mystery-Maze\Mystery Maze\Mystery Maze.cpp(135,49): warning C4244: 'argument': conversion from 'int' to 'T', possible loss of data
          with
          [
              T=float
          ]
C:\Users\Rhys\Documents\GitHub\Mystery-Maze\Mystery Maze\Mystery Maze.cpp(138,59): warning C4244: 'argument': conversion from 'int' to 'T', possible loss of data
          with
          [
              T=float
          ]
C:\Users\Rhys\Documents\GitHub\Mystery-Maze\Mystery Maze\Mystery Maze.cpp(138,48): warning C4244: 'argument': conversion from 'int' to 'T', possible loss of data
          with
          [
              T=float
          ]
C:\Users\Rhys\Documents\GitHub\Mystery-Maze\Mystery Maze\Mystery Maze.cpp(141,58): warning C4244: 'argument': conversion from 'int' to 'T', possible loss of data
          with
          [
              T=float
          ]
C:\Users\Rhys\Documents\GitHub\Mystery-Maze\Mystery Maze\Mystery Maze.cpp(141,47): warning C4244: 'argument': conversion from 'int' to 'T', possible loss of data
          with
          [
              T=float
          ]
C:\Users\Rhys\Documents\GitHub\Mystery-Maze\Mystery Maze\Mystery Maze.cpp(144,65): warning C4244: 'argument': conversion from 'int' to 'T', possible loss of data
          with
          [
              T=float
          ]
C:\Users\Rhys\Documents\GitHub\Mystery-Maze\Mystery Maze\Mystery Maze.cpp(144,54): warning C4244: 'argument': conversion from 'int' to 'T', possible loss of data
          with
          [
              T=float
          ]
C:\Users\Rhys\Documents\GitHub\Mystery-Maze\Mystery Maze\Mystery Maze.cpp(165,45): warning C4244: 'argument': conversion from 'int' to 'float', possible loss of data
C:\Users\Rhys\Documents\GitHub\Mystery-Maze\Mystery Maze\Mystery Maze.cpp(333,51): warning C4244: 'argument': conversion from 'int' to 'float', possible loss of data
C:\Users\Rhys\Documents\GitHub\Mystery-Maze\Mystery Maze\Mystery Maze.cpp(333,36): warning C4244: 'argument': conversion from 'int' to 'float', possible loss of data
C:\Users\Rhys\Documents\GitHub\Mystery-Maze\Mystery Maze\Mystery Maze.cpp(337,57): warning C4244: 'argument': conversion from 'int' to 'float', possible loss of data
C:\Users\Rhys\Documents\GitHub\Mystery-Maze\Mystery Maze\Mystery Maze.cpp(337,42): warning C4244: 'argument': conversion from 'int' to 'float', possible loss of data
C:\Users\Rhys\Documents\GitHub\Mystery-Maze\Mystery Maze\Mystery Maze.cpp(341,56): warning C4244: 'argument': conversion from 'int' to 'float', possible loss of data
C:\Users\Rhys\Documents\GitHub\Mystery-Maze\Mystery Maze\Mystery Maze.cpp(341,41): warning C4244: 'argument': conversion from 'int' to 'float', possible loss of data
C:\Users\Rhys\Documents\GitHub\Mystery-Maze\Mystery Maze\Mystery Maze.cpp(348,58): warning C4244: 'argument': conversion from 'int' to 'float', possible loss of data
C:\Users\Rhys\Documents\GitHub\Mystery-Maze\Mystery Maze\Mystery Maze.cpp(348,37): warning C4244: 'argument': conversion from 'int' to 'float', possible loss of data
C:\Users\Rhys\Documents\GitHub\Mystery-Maze\Mystery Maze\Mystery Maze.cpp(351,57): warning C4244: 'argument': conversion from 'int' to 'float', possible loss of data
C:\Users\Rhys\Documents\GitHub\Mystery-Maze\Mystery Maze\Mystery Maze.cpp(351,36): warning C4244: 'argument': conversion from 'int' to 'float', possible loss of data
C:\Users\Rhys\Documents\GitHub\Mystery-Maze\Mystery Maze\Mystery Maze.cpp(356,76): warning C4244: 'argument': conversion from 'int' to 'float', possible loss of data
C:\Users\Rhys\Documents\GitHub\Mystery-Maze\Mystery Maze\Mystery Maze.cpp(356,50): warning C4244: 'argument': conversion from 'int' to 'float', possible loss of data
C:\Users\Rhys\Documents\GitHub\Mystery-Maze\Mystery Maze\Mystery Maze.cpp(361,65): warning C4244: 'argument': conversion from 'int' to 'T', possible loss of data
          with
          [
              T=float
          ]
C:\Users\Rhys\Documents\GitHub\Mystery-Maze\Mystery Maze\Mystery Maze.cpp(361,54): warning C4244: 'argument': conversion from 'int' to 'T', possible loss of data
          with
          [
              T=float
          ]
C:\Users\Rhys\Documents\GitHub\Mystery-Maze\Mystery Maze\Mystery Maze.cpp(363,65): warning C4244: 'argument': conversion from 'int' to 'float', possible loss of data
C:\Users\Rhys\Documents\GitHub\Mystery-Maze\Mystery Maze\Mystery Maze.cpp(363,43): warning C4244: 'argument': conversion from 'int' to 'float', possible loss of data
  Generating code
  50 of 568 functions ( 8.8%) were compiled, the rest were copied from previous compilation.
    11 functions were new in current compilation
    25 functions had inline decision re-evaluated but remain unchanged
  Finished generating code
  Mystery Maze.vcxproj -> C:\Users\Rhys\Documents\GitHub\Mystery-Maze\Release\Mystery Maze.exe
